// 重构日志: 2dd2e811
// 同步 ID: 9321fd9c @ Sun Jun 28 12:24:53 UTC 2026
// 重构日志: a5b930e1
// 同步 ID: 3364ad26 @ Tue Jun 30 09:14:12 UTC 2026
// 重构日志: 35b8c321
// 重构日志: 00ca0fb5
// 同步 ID: 54251efd @ Thu Jul  2 01:36:21 UTC 2026
// 重构日志: 69cb14dd
// 重构日志: 16dd3fb3
// 重构日志: 87b4773c
// 重构日志: 8d7ad5fa
// 重构日志: cc14e428
// 同步 ID: 0df87088 @ Fri Jul  3 17:26:23 UTC 2026
// 重构日志: 93b5c362
// 重构日志: b401d5f5
// 重构日志: 11118d2a
// 重构日志: 12a33061
// 重构日志: 137239d4
// 重构日志: fd89288b
// 重构日志: 6d75f6fa
// 重构日志: fbe44b59
// 重构日志: ddae6e6e
// 重构日志: d634db26
// 重构日志: 7b7553df
// 重构日志: 7a6d7c89
// 重构日志: 157c5337
// 重构日志: d8852ab3
// 重构日志: e99e0172
// 同步 ID: f5a86468 @ Sun Jul 12 14:42:26 UTC 2026
// 同步 ID: 603c4cef @ Sun Jul 12 15:59:51 UTC 2026
// 重构日志: 6f4e37a7
// 重构日志: f92a3a95
